<?xml version="1.0" encoding="UTF-8"?>
<testsuite name="GeneratorBodyTest" tests="6" skipped="0" failures="0" errors="0" timestamp="2020-09-10T17:42:19" hostname="JASONPC" time="0.002">
  <properties/>
  <testcase name="shouldReturnPrimeList" classname="GeneratorBodyTest" time="0.001"/>
  <testcase name="checkNotPrimeNumber7903" classname="GeneratorBodyTest" time="0.0"/>
  <testcase name="findPrimesInverseRange" classname="GeneratorBodyTest" time="0.001"/>
  <testcase name="checkPrimeNumber7901" classname="GeneratorBodyTest" time="0.0"/>
  <testcase name="checkRangeForPrime" classname="GeneratorBodyTest" time="0.0"/>
  <testcase name="checkRangeForNonPrime" classname="GeneratorBodyTest" time="0.0"/>
  <system-out><![CDATA[]]></system-out>
  <system-err><![CDATA[]]></system-err>
</testsuite>
